2021-01-18 22:08:44,806 [      0]   INFO -        #com.intellij.idea.Main - ------------------------------------------------------ IDE STARTED ------------------------------------------------------ 
2021-01-18 22:08:45,925 [   1119]   INFO - llij.ide.gdpr.EndUserAgreement - privacy: /home/bootcamp/.local/share/JetBrains/PrivacyPolicy/Cached 
2021-01-18 22:08:46,008 [   1202]   INFO -        #com.intellij.idea.Main - IDE: IntelliJ IDEA (build #IC-203.6682.168, 29 Dec 2020 13:18) 
2021-01-18 22:08:46,009 [   1203]   INFO -        #com.intellij.idea.Main - OS: Linux (5.8.0-38-generic, amd64) 
2021-01-18 22:08:46,023 [   1217]   INFO -        #com.intellij.idea.Main - JRE: 11.0.9.1+11-b1145.63 (JetBrains s.r.o.) 
2021-01-18 22:08:46,024 [   1218]   INFO -        #com.intellij.idea.Main - JVM: 11.0.9.1+11-b1145.63 (OpenJDK 64-Bit Server VM) 
2021-01-18 22:08:46,160 [   1354]   INFO -        #com.intellij.idea.Main - JVM Args: -Xms128m -Xmx750m -XX:ReservedCodeCacheSize=512m -XX:+UseConcMarkSweepGC -XX:SoftRefLRUPolicyMSPerMB=50 -XX:CICompilerCount=2 -XX:+HeapDumpOnOutOfMemoryError -XX:-OmitStackTraceInFastThrow -ea -Dsun.io.useCanonCaches=false -Djdk.http.auth.tunneling.disabledSchemes="" -Djdk.attach.allowAttachSelf=true -Djdk.module.illegalAccess.silent=true -Dkotlinx.coroutines.debug=off -Dsun.tools.attach.tmp.only=true -XX:ErrorFile=/home/bootcamp/java_error_in_idea_%p.log -XX:HeapDumpPath=/home/bootcamp/java_error_in_idea_.hprof -Didea.vendor.name=JetBrains -Didea.paths.selector=IdeaIC2020.3 -Djb.vmOptionsFile=/snap/intellij-idea-community/270/bin/idea64.vmoptions -Didea.platform.prefix=Idea -Didea.jre.check=true 
2021-01-18 22:08:46,161 [   1355]   INFO -        #com.intellij.idea.Main - library path: /usr/java/packages/lib:/usr/lib64:/lib64:/lib:/usr/lib 
2021-01-18 22:08:46,161 [   1355]   INFO -        #com.intellij.idea.Main - boot library path: /snap/intellij-idea-community/270/jbr/lib 
2021-01-18 22:08:46,183 [   1377]   INFO -                         STDERR - Jan 18, 2021 10:08:46 PM java.util.prefs.FileSystemPreferences$1 run 
2021-01-18 22:08:46,184 [   1378]   INFO -                         STDERR - INFO: Created user preferences directory. 
2021-01-18 22:08:46,190 [   1384]   INFO -                         STDERR - Jan 18, 2021 10:08:46 PM java.util.prefs.FileSystemPreferences$6 run 
2021-01-18 22:08:46,190 [   1384]   INFO -                         STDERR - WARNING: Prefs file removed in background /home/bootcamp/.java/.userPrefs/prefs.xml 
2021-01-18 22:08:46,202 [   1396]   INFO -        #com.intellij.idea.Main - locale=en_US JNU=UTF-8 file.encoding=UTF-8
  idea.config.path=/home/bootcamp/.config/JetBrains/IdeaIC2020.3
  idea.system.path=/home/bootcamp/.cache/JetBrains/IdeaIC2020.3
  idea.plugins.path=/home/bootcamp/.local/share/JetBrains/IdeaIC2020.3
  idea.log.path=/home/bootcamp/.cache/JetBrains/IdeaIC2020.3/log 
2021-01-18 22:08:46,257 [   1451]   INFO -        #com.intellij.idea.Main - JNA library (64-bit) loaded in 54 ms 
2021-01-18 22:08:46,831 [   2025]   INFO -        #com.intellij.idea.Main - CPU cores: 4; ForkJoinPool.commonPool: java.util.concurrent.ForkJoinPool@3912b4c9[Running, parallelism = 3, size = 0, active = 0, running = 0, steals = 0, tasks = 0, submissions = 0]; factory: com.intellij.concurrency.IdeaForkJoinWorkerThreadFactory@4f4991eb 
2021-01-18 22:08:47,117 [   2311]   INFO -        #com.intellij.idea.Main - WM detected: GNOME Shell 
2021-01-18 22:08:59,163 [  14357]   INFO -        #com.intellij.idea.Main - Importing configs to /home/bootcamp/.config/JetBrains/IdeaIC2020.3 
2021-01-18 22:08:59,183 [  14377]   INFO -        #com.intellij.idea.Main - No configs imported, starting with clean configs at /home/bootcamp/.config/JetBrains/IdeaIC2020.3 
2021-01-18 22:08:59,673 [  14867]   INFO - llij.ide.plugins.PluginManager - Plugin PluginDescriptor(name=Groovy, id=org.intellij.groovy, path=/snap/intellij-idea-community/270/plugins/Groovy, version=203.6682.168) misses optional descriptor duplicates-groovy.xml 
2021-01-18 22:08:59,674 [  14868]   INFO - llij.ide.plugins.PluginManager - Plugin PluginDescriptor(name=Groovy, id=org.intellij.groovy, path=/snap/intellij-idea-community/270/plugins/Groovy, version=203.6682.168) misses optional descriptor duplicates-detection-groovy.xml 
2021-01-18 22:09:02,006 [  17200]   INFO - llij.ide.plugins.PluginManager - Plugin PluginDescriptor(name=Java, id=com.intellij.java, path=/snap/intellij-idea-community/270/plugins/java, version=203.6682.168) misses optional descriptor profiler-java.xml 
2021-01-18 22:09:02,288 [  17482]   INFO - llij.ide.plugins.PluginManager - Loaded bundled plugins: IDEA CORE (203.6682.168), Dependency Management Api for External Build Tools (203.6682.168), com.intellij.platform.images (203.6682.168), JetBrains maven model api classes (203.6682.168), JetBrains Repository Search (203.6682.168), Subversion (203.6682.168), XPathView + XSLT (203.6682.168), XSLT Debugger (203.6682.168), Smali Support (203.6682.168), Machine Learning Code Completion (203.6682.168), Configuration Script (203.6682.168), Copyright (203.6682.168), Properties (203.6682.168), Gradle (203.6682.168), Gradle Dependency Updater Implementation (203.6682.168), Resource Bundle Editor (203.6682.168), Mercurial (203.6682.168), WebP Support (203.6682.168), EditorConfig (203.6682.168), Emoji Picker (203.6682.168), Terminal (203.6682.168), Git (203.6682.168), ChangeReminder (203.6682.168), Shell Script (203.6682.168), TextMate Bundles (203.6682.168), YAML (203.6682.168), Settings Repository (203.6682.168), IDE Features Trainer (203.6682.168), Java (203.6682.168), Ant (203.6682.168), Bytecode Viewer (203.6682.168), JUnit (203.6682.168), Lombok (203.6682.168), Java Internationalization (203.6682.168), UI Designer (203.6682.168), Java IDE Customization (203.6682.168), Java Stream Debugger (203.6682.168), Eclipse Interoperability (203.6682.168), Java Bytecode Decompiler (203.6682.168), JavaFX (203.6682.168), Task Management (203.6682.168), GitHub (203.6682.168), Next File Prediction (203.6682.168), IntelliLang (203.6682.168), TestNG (203.6682.168), Code Coverage for Java (203.6682.168), Groovy (203.6682.168), Maven (203.6682.168), Gradle-Java (203.6682.168), Plugin DevKit (203.6682.168), Gradle-Maven (203.6682.168), Gradle DSL API (203.6682.168), Kotlin (203-1.4.10-release-IJ6682.9), Gradle DSL Implementation For Kotlin (203.6682.168), Android (10.4.0.203.6682.168), Markdown (203.6682.168), Grazie (203.6682.168) 
2021-01-18 22:09:04,063 [  19257]   INFO - m.intellij.util.io.StorageLock - lower=100; upper=500; buffer=10; max=705 
2021-01-18 22:09:04,110 [  19304]   INFO - intellij.diagnostic.JitWatcher - JIT compilation state checking enabled 
2021-01-18 22:09:04,112 [  19306]   INFO - tellij.util.io.FileChannelUtil - uninterruptible FileChannels will be used for indexes 
2021-01-18 22:09:04,363 [  19557]   INFO - fs.newvfs.persistent.FSRecords - Marking VFS as corrupted: '/home/bootcamp/.cache/JetBrains/IdeaIC2020.3/caches/names.dat' does not exist 
2021-01-18 22:09:04,561 [  19755]   INFO - com.intellij.ide.ui.UISettings - Loaded: fontSize=13, fontScale=1.0; restored: fontSize=13, fontScale=1.0 
2021-01-18 22:09:04,746 [  19940]   INFO - til.net.ssl.CertificateManager - Default SSL context initialized 
2021-01-18 22:09:04,945 [  20139]   INFO - .history.utils.LocalHistoryLog - local history version mismatch (was: 0, expected: 6), rebuilding... 
2021-01-18 22:09:04,945 [  20139]   INFO - .history.utils.LocalHistoryLog - FS has been rebuild, rebuilding local history... 
2021-01-18 22:09:04,976 [  20170]   INFO - rains.ide.BuiltInServerManager - built-in server started, port 63342 
2021-01-18 22:09:05,306 [  20500]   INFO - stubs.SerializationManagerImpl - Name storage is repaired 
2021-01-18 22:09:05,677 [  20871]   INFO - penapi.application.Experiments - Experimental features enabled for user: wsl.p9.support, wsl.p9.show.roots.in.file.chooser, wsl.execute.with.wsl.exe, inline.browse.button, linux.native.menu, recent.and.edited.files.together, show.create.new.element.in.popup, search.everywhere.mixed.results, copy.reference.popup, i18n.match.actions, editor.reader.mode, edit.run.configurations.while.dumb, new.large.text.file.viewer, terminal.shell.command.handling, property.value.inplace.editing 
2021-01-18 22:09:05,704 [  20898]   INFO - penapi.wm.impl.GlobalMenuLinux - can't start main loop via JavaFX (will run it manually): com.sun.javafx.application.PlatformImpl 
2021-01-18 22:09:06,249 [  21443]   INFO - ntellij.idea.ApplicationLoader - canDisableInputMethod spent 31 ms, found keyboard layouts: [(us, xkb), ], result==true 
2021-01-18 22:09:06,251 [  21445]   INFO - gs.impl.UpdateCheckerComponent - channel: release 
2021-01-18 22:09:07,038 [  22232]   INFO - il.indexing.FileBasedIndexImpl - Indexes to be rebuilt after corruption:FilenameIndex(v = 3),FrameworkDetectionIndex(v = 65536),TodoIndex(v = 4107),IdIndex(v = 4113),filetypes(v = 3),Stubs(v = 46),Trigram.Index(v = 4099),fileIncludes(v = 6),DomFileIndex(v = 0),RelaxSymbolIndex(v = 0),XmlTagNames(v = 1),XmlNamespaces(v = 8),html5.custom.attributes.index(v = 1),SchemaTypeInheritance(v = 2),json.file.root.values(v = 5),XsltSymbolIndex(v = 0),xmlProperties(v = 2),editorconfig.index.name(v = 5),yaml.keys.name(v = 1),bytecodeAnalysis(v = 4107),java.auto.module.name(v = 5),java.source.module.name(v = 2),java.null.method.argument(v = 4097),java.fun.expression(v = 4102),java.binary.plus.expression(v = 4100),ant-imports(v = 5),LombokConfigIndex(v = 10),com.intellij.uiDesigner.FormClassIndex(v = 0),JavaFxControllerClassIndex(v = 1),javafx.id.name(v = 3),javafx.custom.component(v = 2),groovy.trait.fields(v = 5),groovy.trait.methods(v = 28),IdeaPluginRegistrationIndex(v = 3),PluginIdModuleIndex(v = 1),PluginIdDependenciesIndex(v = 2),devkit.ExtensionPointIndex(v = 0),devkit.ExtensionPointClassIndex(v = 1),org.jetbrains.kotlin.idea.versions.KotlinJvmMetadataVersionIndex(v = 5),org.jetbrains.kotlin.idea.versions.KotlinJsMetadataVersionIndex(v = 3),org.jetbrains.kotlin.idea.vfilefinder.KotlinClassFileIndex(v = 3),org.jetbrains.kotlin.idea.vfilefinder.KotlinJavaScriptMetaFileIndex(v = 4),org.jetbrains.kotlin.idea.vfilefinder.KotlinMetadataFileIndex(v = 1),org.jetbrains.kotlin.idea.vfilefinder.KotlinMetadataFilePackageIndex(v = 1),org.jetbrains.kotlin.idea.vfilefinder.KotlinModuleMappingIndex(v = 5),org.jetbrains.kotlin.idea.vfilefinder.KotlinPackageSourcesMemberNamesIndex(v = 2),org.jetbrains.kotlin.idea.vfilefinder.KotlinJvmModuleAnnotationsIndex(v = 1),org.jetbrains.kotlin.idea.vfilefinder.KlibMetaFileIndex(v = 4),org.jetbrains.kotlin.idea.script.ScriptTemplatesClassRootsIndex(v = 3),com.android.tools.idea.model.AndroidManifestIndex$Companion$NAME$1.NAME(v = 4),BindingXmlIndex(v = 8),MlModelFileIndex(v = 1) 
2021-01-18 22:09:07,039 [  22233]   INFO - leBasedIndexDataInitialization - Initialization done: 2167 
2021-01-18 22:09:07,110 [  22304]   INFO - tellij.psi.stubs.StubIndexImpl - Following stub indices will be built:dom.namespaceKey(v = 1),dom.elementClass(v = 0),properties.index(v = 2),gr.class.fqn(v = 1),gr.script.fqn(v = 2),gr.field.name(v = 2),gr.method.name(v = 2),gr.annot.method.name(v = 2),gr.annot.members(v = 2),gr.script.class(v = 2),gr.class.super(v = 2),gr.anonymous.class(v = 3),org.jetbrains.kotlin.idea.stubindex.KotlinExactPackagesIndex(v = 2),org.jetbrains.kotlin.idea.stubindex.KotlinTopLevelClassByPackageIndex(v = 2),org.jetbrains.kotlin.idea.stubindex.KotlinTopLevelFunctionByPackageIndex(v = 2),org.jetbrains.kotlin.idea.stubindex.KotlinTopLevelPropertyByPackageIndex(v = 2),org.jetbrains.kotlin.idea.stubindex.KotlinTopLevelTypeAliasByPackageIndex(v = 2),org.jetbrains.kotlin.idea.stubindex.KotlinClassShortNameIndex(v = 2),org.jetbrains.kotlin.idea.stubindex.KotlinFullClassNameIndex(v = 2),org.jetbrains.kotlin.idea.stubindex.KotlinPropertyShortNameIndex(v = 2),org.jetbrains.kotlin.idea.stubindex.KotlinFunctionShortNameIndex(v = 2),org.jetbrains.kotlin.idea.stubindex.KotlinTypeAliasShortNameIndex(v = 2),org.jetbrains.kotlin.idea.stubindex.KotlinSuperClassIndex(v = 2),org.jetbrains.kotlin.idea.stubindex.KotlinTopLevelFunctionFqnNameIndex(v = 2),org.jetbrains.kotlin.idea.stubindex.KotlinTopLevelPropertyFqnNameIndex(v = 2),org.jetbrains.kotlin.idea.stubindex.KotlinTopLevelTypeAliasFqNameIndex(v = 2),org.jetbrains.kotlin.idea.stubindex.KotlinTopLevelExtensionsByReceiverTypeIndex(v = 2),org.jetbrains.kotlin.idea.stubindex.KotlinAnnotationsIndex(v = 3),org.jetbrains.kotlin.idea.stubindex.KotlinProbablyNothingFunctionShortNameIndex(v = 2),org.jetbrains.kotlin.idea.stubindex.KotlinProbablyNothingPropertyShortNameIndex(v = 2),org.jetbrains.kotlin.idea.stubindex.KotlinProbablyContractedFunctionShortNameIndex(v = 2),org.jetbrains.kotlin.idea.stubindex.KotlinFileFacadeFqNameIndex(v = 2),org.jetbrains.kotlin.idea.stubindex.KotlinFilePartClassIndex(v = 2),org.jetbrains.kotlin.idea.stubindex.KotlinFileFacadeClassByPackageIndex(v = 2),org.jetbrains.kotlin.idea.stubindex.KotlinFileFacadeShortNameIndex(v = 2),org.jetbrains.kotlin.idea.stubindex.KotlinMultifileClassPartIndex(v = 2),org.jetbrains.kotlin.idea.stubindex.KotlinScriptFqnIndex(v = 2),org.jetbrains.kotlin.idea.stubindex.KotlinTypeAliasByExpansionShortNameIndex(v = 2),org.jetbrains.kotlin.idea.stubindex.KotlinOverridableInternalMembersShortNameIndex(v = 2),markdown.header(v = 2),java.annotations(v = 2),java.class.extlist(v = 3),java.field.name(v = 2),java.method.name(v = 2),jvm.static.member.name(v = 2),jvm.static.member.type(v = 2),java.anonymous.baseref(v = 2),java.method.parameter.types(v = 3),java.class.shortname(v = 4),java.class.fqn(v = 1),java.module.name(v = 4) 
2021-01-18 22:09:07,110 [  22304]   INFO - exImpl$StubIndexInitialization - Initialization done: 70 
2021-01-18 22:09:08,567 [  23761]   INFO - dea.updater.SdkComponentSource - Downloading https://dl.google.com/android/repository/addons_list-3.xml 
2021-01-18 22:09:08,992 [  24186]   INFO - dea.updater.SdkComponentSource - File /home/bootcamp/.android/repositories.cfg could not be loaded. 
2021-01-18 22:09:08,996 [  24190]   INFO - dea.updater.SdkComponentSource - Downloading https://dl.google.com/android/repository/sys-img/android/sys-img2-1.xml 
2021-01-18 22:09:09,003 [  24197]   INFO - dea.updater.SdkComponentSource - Downloading https://dl.google.com/android/repository/glass/addon2-1.xml 
2021-01-18 22:09:09,003 [  24197]   INFO - dea.updater.SdkComponentSource - Downloading https://dl.google.com/android/repository/sys-img/google_apis/sys-img2-1.xml 
2021-01-18 22:09:09,002 [  24196]   INFO - dea.updater.SdkComponentSource - Downloading https://dl.google.com/android/repository/addon2-1.xml 
2021-01-18 22:09:09,002 [  24196]   INFO - dea.updater.SdkComponentSource - Downloading https://dl.google.com/android/repository/sys-img/google_apis_playstore/sys-img2-1.xml 
2021-01-18 22:09:09,002 [  24196]   INFO - dea.updater.SdkComponentSource - Downloading https://dl.google.com/android/repository/sys-img/android-tv/sys-img2-1.xml 
2021-01-18 22:09:09,001 [  24195]   INFO - dea.updater.SdkComponentSource - Downloading https://dl.google.com/android/repository/sys-img/android-wear-cn/sys-img2-1.xml 
2021-01-18 22:09:09,001 [  24195]   INFO - dea.updater.SdkComponentSource - Downloading https://dl.google.com/android/repository/sys-img/android-wear/sys-img2-1.xml 
2021-01-18 22:09:09,000 [  24194]   INFO - dea.updater.SdkComponentSource - Downloading https://dl.google.com/android/repository/sys-img/android-automotive/sys-img2-1.xml 
2021-01-18 22:09:09,014 [  24208]   INFO - dea.updater.SdkComponentSource - Downloading https://dl.google.com/android/repository/extras/intel/addon2-1.xml 
2021-01-18 22:09:09,015 [  24209]   INFO - dea.updater.SdkComponentSource - Downloading https://dl.google.com/android/repository/repository2-1.xml 
2021-01-18 22:09:12,095 [  27289]   INFO - pl.local.NativeFileWatcherImpl - Starting file watcher: /snap/intellij-idea-community/270/bin/fsnotifier64 
2021-01-18 22:09:12,106 [  27300]   INFO - pl.local.NativeFileWatcherImpl - Native file watcher is operational. 
2021-01-18 22:09:21,031 [  36225]   INFO - BridgeProjectLifecycleListener - Using workspace model to open project 
2021-01-18 22:09:21,503 [  36697]   INFO - rojectCodeStyleSettingsManager - Initialized from default code style settings. 
2021-01-18 22:09:21,619 [  36813]   INFO - on.JpsProjectModelSynchronizer - Workspace model loaded without cache. Loading real project state into workspace model. Thread[AWT-EventQueue-0,6,Idea Thread Group] 
2021-01-18 22:09:22,279 [  37473]   WARN - tartup.impl.StartupManagerImpl - Activities registered via registerPostStartupActivity must be dumb-aware: com.intellij.ide.impl.NewProjectUtil$$Lambda$1451/0x0000000101483840@1db333e0 
2021-01-18 22:09:22,490 [  37684]   INFO - penapi.wm.impl.GlobalMenuLinux - created instance of GlobalMenuLinux for xid=0x4200104 
2021-01-18 22:09:22,996 [  38190]   INFO - rnal.statistic.DeviceIdManager - Generating new Device ID 
2021-01-18 22:09:22,996 [  38190]   INFO - eventLog.EventLogConfiguration - Generating salt for the device 
2021-01-18 22:09:23,867 [  39061]   INFO - ge.ExternalProjectsDataStorage - Load external projects data in 16 millis (read time: 5) 
2021-01-18 22:09:24,235 [  39429]   INFO - CompilerWorkspaceConfiguration - Available processors: 4 
2021-01-18 22:09:24,562 [  39756]   INFO - j.ide.script.IdeStartupScripts - 0 startup script(s) found 
2021-01-18 22:09:24,655 [  39849]   INFO - .diagnostic.PerformanceWatcher - Post-startup activities under progress took 1191ms; general responsiveness: ok; EDT responsiveness: 1/2 sluggish 
2021-01-18 22:09:24,753 [  39947]   INFO - rationStore.ComponentStoreImpl - Saving appFileTypeManager took 12 ms, PluginAdvertiserExtensions took 13 ms, XDebuggerSettings took 16 ms 
2021-01-18 22:09:25,065 [  40259]   INFO - .diagnostic.PerformanceWatcher - Pushing properties took 101ms; general responsiveness: ok; EDT responsiveness: ok 
2021-01-18 22:09:25,090 [  40284]   INFO - tor.impl.FileEditorManagerImpl - Project opening took 4110 ms 
2021-01-18 22:09:25,750 [  40944]   INFO - rationStore.ComponentStoreImpl - Saving Project(name=untitled, containerState=COMPONENT_CREATED, componentStore=/home/bootcamp/IdeaProjects/untitled)ChangesViewManager took 15 ms, XDebuggerManager took 37 ms 
2021-01-18 22:09:26,302 [  41496]   INFO - mponents.impl.stores.StoreUtil - saveProjectsAndApp took 2392 ms 
2021-01-18 22:09:29,756 [  44950]   INFO - gnostic.MemorySizeConfigurator - Physical memory 7836M, minimum memory size 128M, -Xmx adjusted from 750M to 979M 
2021-01-18 22:09:31,168 [  46362]   INFO - .diagnostic.PerformanceWatcher - Indexable file iteration took 6103ms; general responsiveness: ok; EDT responsiveness: 1/6 sluggish 
2021-01-18 22:09:31,175 [  46369]   INFO - indexing.UnindexedFilesUpdater - Unindexed files update started: 49422 files to index 
2021-01-18 22:09:31,185 [  46379]   INFO - indexing.UnindexedFilesUpdater - Using 3 threads for indexing 
2021-01-18 22:09:35,597 [  50791]   INFO - .plugins.terminal.TerminalView - Activating Terminal tool window 
2021-01-18 22:10:07,597 [  82791]   INFO - .diagnostic.PerformanceWatcher - Unindexed files update took 36421ms; general responsiveness: ok; EDT responsiveness: 1/37 sluggish 
2021-01-18 22:10:08,693 [  83887]   INFO - il.indexing.FileBasedIndexImpl - indexes cleared: 
survived indexes: FilenameIndex, FrameworkDetectionIndex, TodoIndex, IdIndex, filetypes, Stubs, Trigram.Index, fileIncludes, DomFileIndex, RelaxSymbolIndex, XmlTagNames, XmlNamespaces, html5.custom.attributes.index, SchemaTypeInheritance, json.file.root.values, XsltSymbolIndex, xmlProperties, editorconfig.index.name, yaml.keys.name, bytecodeAnalysis, java.auto.module.name, java.source.module.name, java.null.method.argument, java.fun.expression, java.binary.plus.expression, ant-imports, LombokConfigIndex, com.intellij.uiDesigner.FormClassIndex, JavaFxControllerClassIndex, javafx.id.name, javafx.custom.component, groovy.trait.fields, groovy.trait.methods, IdeaPluginRegistrationIndex, PluginIdModuleIndex, PluginIdDependenciesIndex, devkit.ExtensionPointIndex, devkit.ExtensionPointClassIndex, org.jetbrains.kotlin.idea.versions.KotlinJvmMetadataVersionIndex, org.jetbrains.kotlin.idea.versions.KotlinJsMetadataVersionIndex, org.jetbrains.kotlin.idea.vfilefinder.KotlinClassFileIndex, org.jetbrains.kotlin.idea.vfilefinder.KotlinJavaScriptMetaFileIndex, org.jetbrains.kotlin.idea.vfilefinder.KotlinMetadataFileIndex, org.jetbrains.kotlin.idea.vfilefinder.KotlinMetadataFilePackageIndex, org.jetbrains.kotlin.idea.vfilefinder.KotlinModuleMappingIndex, org.jetbrains.kotlin.idea.vfilefinder.KotlinPackageSourcesMemberNamesIndex, org.jetbrains.kotlin.idea.vfilefinder.KotlinJvmModuleAnnotationsIndex, org.jetbrains.kotlin.idea.vfilefinder.KlibMetaFileIndex, org.jetbrains.kotlin.idea.script.ScriptTemplatesClassRootsIndex, com.android.tools.idea.model.AndroidManifestIndex$Companion$NAME$1.NAME, BindingXmlIndex, MlModelFileIndex 
2021-01-18 22:10:08,694 [  83888]   INFO - il.indexing.FileBasedIndexImpl - scheduleIndexRebuild, reason: File type change 
2021-01-18 22:10:08,715 [  83909]   INFO - pl.ProjectRootManagerComponent - project roots have changed (trace_hash = 820028962) 
java.lang.Throwable
	at com.intellij.openapi.roots.impl.ProjectRootManagerComponent.synchronizeRoots(ProjectRootManagerComponent.java:305)
	at com.intellij.openapi.roots.impl.ProjectRootManagerComponent.fireRootsChangedEvent(ProjectRootManagerComponent.java:205)
	at com.intellij.openapi.roots.impl.ProjectRootManagerImpl.fireRootsChanged(ProjectRootManagerImpl.java:459)
	at com.intellij.openapi.roots.impl.ProjectRootManagerImpl$2.fireRootsChanged(ProjectRootManagerImpl.java:167)
	at com.intellij.openapi.roots.impl.ProjectRootManagerImpl$2.fireRootsChanged(ProjectRootManagerImpl.java:164)
	at com.intellij.openapi.roots.impl.ProjectRootManagerImpl$BatchSession.rootsChanged(ProjectRootManagerImpl.java:113)
	at com.intellij.openapi.roots.impl.ProjectRootManagerImpl$BatchSession.rootsChanged(ProjectRootManagerImpl.java:121)
	at com.intellij.openapi.roots.impl.ProjectRootManagerComponent$1.fileTypesChanged(ProjectRootManagerComponent.java:99)
	at java.base/jdk.internal.reflect.NativeMethodAccessorImpl.invoke0(Native Method)
	at java.base/jdk.internal.reflect.NativeMethodAccessorImpl.invoke(NativeMethodAccessorImpl.java:62)
	at java.base/jdk.internal.reflect.DelegatingMethodAccessorImpl.invoke(DelegatingMethodAccessorImpl.java:43)
	at java.base/java.lang.reflect.Method.invoke(Method.java:566)
	at com.intellij.util.messages.impl.MessageBusImpl.invokeListener(MessageBusImpl.java:652)
	at com.intellij.util.messages.impl.MessageBusImpl.deliverMessage(MessageBusImpl.java:426)
	at com.intellij.util.messages.impl.MessageBusImpl.pumpWaitingBuses(MessageBusImpl.java:401)
	at com.intellij.util.messages.impl.MessageBusImpl.pumpMessages(MessageBusImpl.java:383)
	at com.intellij.util.messages.impl.MessageBusImpl.access$100(MessageBusImpl.java:33)
	at com.intellij.util.messages.impl.MessageBusImpl$MessagePublisher.invoke(MessageBusImpl.java:182)
	at com.sun.proxy.$Proxy91.enteredDumbMode(Unknown Source)
	at com.intellij.openapi.project.DumbServiceImpl.enterDumbMode(DumbServiceImpl.java:337)
	at com.intellij.openapi.project.DumbServiceImpl.queueTaskOnEdt(DumbServiceImpl.java:319)
	at com.intellij.openapi.project.DumbServiceImpl.lambda$queueAsynchronousTask$4(DumbServiceImpl.java:300)
	at com.intellij.openapi.project.DumbServiceImpl.queueAsynchronousTask(DumbServiceImpl.java:302)
	at com.intellij.openapi.project.DumbServiceImpl.queueTask(DumbServiceImpl.java:292)
	at com.intellij.util.indexing.FileBasedIndexImpl.scheduleIndexRebuild(FileBasedIndexImpl.java:868)
	at com.intellij.util.indexing.FileBasedIndexImpl.scheduleFullIndexesRescan(FileBasedIndexImpl.java:204)
	at com.intellij.util.indexing.FileBasedIndexFileTypeListener.fileTypesChanged(FileBasedIndexFileTypeListener.java:25)
	at java.base/jdk.internal.reflect.NativeMethodAccessorImpl.invoke0(Native Method)
	at java.base/jdk.internal.reflect.NativeMethodAccessorImpl.invoke(NativeMethodAccessorImpl.java:62)
	at java.base/jdk.internal.reflect.DelegatingMethodAccessorImpl.invoke(DelegatingMethodAccessorImpl.java:43)
	at java.base/java.lang.reflect.Method.invoke(Method.java:566)
	at com.intellij.util.messages.impl.MessageBusImpl.invokeListener(MessageBusImpl.java:652)
	at com.intellij.util.messages.impl.MessageBusImpl.deliverMessage(MessageBusImpl.java:426)
	at com.intellij.util.messages.impl.MessageBusImpl.pumpWaitingBuses(MessageBusImpl.java:401)
	at com.intellij.util.messages.impl.MessageBusImpl.pumpMessages(MessageBusImpl.java:383)
	at com.intellij.util.messages.impl.MessageBusImpl.access$100(MessageBusImpl.java:33)
	at com.intellij.util.messages.impl.MessageBusImpl$MessagePublisher.invoke(MessageBusImpl.java:189)
	at com.sun.proxy.$Proxy134.fileTypesChanged(Unknown Source)
	at com.intellij.openapi.fileTypes.impl.FileTypeManagerImpl.fireFileTypesChanged(FileTypeManagerImpl.java:816)
	at com.intellij.openapi.fileTypes.impl.FileTypeManagerImpl.fireFileTypesChanged(FileTypeManagerImpl.java:810)
	at com.intellij.openapi.fileTypes.impl.FileTypeManagerImpl.associate(FileTypeManagerImpl.java:1312)
	at com.intellij.openapi.fileTypes.impl.FileTypeManagerImpl.associate(FileTypeManagerImpl.java:793)
	at com.intellij.openapi.fileTypes.FileTypeManager.associateExtension(FileTypeManager.java:147)
	at org.jetbrains.kotlin.idea.core.script.ScriptDefinitionsManager$updateDefinitions$2$$special$$inlined$runWriteAction$1.compute(actions.kt:63)
	at com.intellij.openapi.application.impl.ApplicationImpl.lambda$runWriteAction$16(ApplicationImpl.java:1009)
	at com.intellij.openapi.application.impl.ApplicationImpl.runWriteActionWithClass(ApplicationImpl.java:988)
	at com.intellij.openapi.application.impl.ApplicationImpl.runWriteAction(ApplicationImpl.java:1009)
	at org.jetbrains.kotlin.idea.core.script.ScriptDefinitionsManager$updateDefinitions$2.run(ScriptDefinitionsManager.kt:422)
	at com.intellij.openapi.application.TransactionGuardImpl.runWithWritingAllowed(TransactionGuardImpl.java:216)
	at com.intellij.openapi.application.TransactionGuardImpl.access$200(TransactionGuardImpl.java:24)
	at com.intellij.openapi.application.TransactionGuardImpl$2.run(TransactionGuardImpl.java:199)
	at com.intellij.openapi.application.impl.ApplicationImpl.runIntendedWriteActionOnCurrentThread(ApplicationImpl.java:822)
	at com.intellij.openapi.application.impl.ApplicationImpl.lambda$invokeLater$4(ApplicationImpl.java:324)
	at com.intellij.openapi.application.impl.FlushQueue.doRun(FlushQueue.java:85)
	at com.intellij.openapi.application.impl.FlushQueue.runNextEvent(FlushQueue.java:134)
	at com.intellij.openapi.application.impl.FlushQueue.flushNow(FlushQueue.java:47)
	at com.intellij.openapi.application.impl.FlushQueue$FlushNow.run(FlushQueue.java:190)
	at java.desktop/java.awt.event.InvocationEvent.dispatch(InvocationEvent.java:313)
	at java.desktop/java.awt.EventQueue.dispatchEventImpl(EventQueue.java:776)
	at java.desktop/java.awt.EventQueue$4.run(EventQueue.java:727)
	at java.desktop/java.awt.EventQueue$4.run(EventQueue.java:721)
	at java.base/java.security.AccessController.doPrivileged(Native Method)
	at java.base/java.security.ProtectionDomain$JavaSecurityAccessImpl.doIntersectionPrivilege(ProtectionDomain.java:85)
	at java.desktop/java.awt.EventQueue.dispatchEvent(EventQueue.java:746)
	at com.intellij.ide.IdeEventQueue.defaultDispatchEvent(IdeEventQueue.java:976)
	at com.intellij.ide.IdeEventQueue._dispatchEvent(IdeEventQueue.java:843)
	at com.intellij.ide.IdeEventQueue.lambda$dispatchEvent$8(IdeEventQueue.java:454)
	at com.intellij.openapi.progress.impl.CoreProgressManager.computePrioritized(CoreProgressManager.java:773)
	at com.intellij.ide.IdeEventQueue.lambda$dispatchEvent$9(IdeEventQueue.java:453)
	at com.intellij.openapi.application.impl.ApplicationImpl.runIntendedWriteActionOnCurrentThread(ApplicationImpl.java:822)
	at com.intellij.ide.IdeEventQueue.dispatchEvent(IdeEventQueue.java:501)
	at java.desktop/java.awt.EventDispatchThread.pumpOneEventForFilters(EventDispatchThread.java:203)
	at java.desktop/java.awt.EventDispatchThread.pumpEventsForFilter(EventDispatchThread.java:124)
	at java.desktop/java.awt.EventDispatchThread.pumpEventsForHierarchy(EventDispatchThread.java:113)
	at java.desktop/java.awt.EventDispatchThread.pumpEvents(EventDispatchThread.java:109)
	at java.desktop/java.awt.EventDispatchThread.pumpEvents(EventDispatchThread.java:101)
	at java.desktop/java.awt.EventDispatchThread.run(EventDispatchThread.java:90)
2021-01-18 22:10:08,725 [  83919]   INFO - il.indexing.FileBasedIndexImpl - indexes cleared: 
survived indexes: FilenameIndex, FrameworkDetectionIndex, TodoIndex, IdIndex, filetypes, Stubs, Trigram.Index, fileIncludes, DomFileIndex, RelaxSymbolIndex, XmlTagNames, XmlNamespaces, html5.custom.attributes.index, SchemaTypeInheritance, json.file.root.values, XsltSymbolIndex, xmlProperties, editorconfig.index.name, yaml.keys.name, bytecodeAnalysis, java.auto.module.name, java.source.module.name, java.null.method.argument, java.fun.expression, java.binary.plus.expression, ant-imports, LombokConfigIndex, com.intellij.uiDesigner.FormClassIndex, JavaFxControllerClassIndex, javafx.id.name, javafx.custom.component, groovy.trait.fields, groovy.trait.methods, IdeaPluginRegistrationIndex, PluginIdModuleIndex, PluginIdDependenciesIndex, devkit.ExtensionPointIndex, devkit.ExtensionPointClassIndex, org.jetbrains.kotlin.idea.versions.KotlinJvmMetadataVersionIndex, org.jetbrains.kotlin.idea.versions.KotlinJsMetadataVersionIndex, org.jetbrains.kotlin.idea.vfilefinder.KotlinClassFileIndex, org.jetbrains.kotlin.idea.vfilefinder.KotlinJavaScriptMetaFileIndex, org.jetbrains.kotlin.idea.vfilefinder.KotlinMetadataFileIndex, org.jetbrains.kotlin.idea.vfilefinder.KotlinMetadataFilePackageIndex, org.jetbrains.kotlin.idea.vfilefinder.KotlinModuleMappingIndex, org.jetbrains.kotlin.idea.vfilefinder.KotlinPackageSourcesMemberNamesIndex, org.jetbrains.kotlin.idea.vfilefinder.KotlinJvmModuleAnnotationsIndex, org.jetbrains.kotlin.idea.vfilefinder.KlibMetaFileIndex, org.jetbrains.kotlin.idea.script.ScriptTemplatesClassRootsIndex, com.android.tools.idea.model.AndroidManifestIndex$Companion$NAME$1.NAME, BindingXmlIndex, MlModelFileIndex 
2021-01-18 22:10:08,725 [  83919]   INFO - il.indexing.FileBasedIndexImpl - scheduleIndexRebuild, reason: File type change 
2021-01-18 22:10:08,727 [  83921]   INFO - pl.ProjectRootManagerComponent - project roots have changed (trace_hash = -1866275083) 
java.lang.Throwable
	at com.intellij.openapi.roots.impl.ProjectRootManagerComponent.synchronizeRoots(ProjectRootManagerComponent.java:305)
	at com.intellij.openapi.roots.impl.ProjectRootManagerComponent.fireRootsChangedEvent(ProjectRootManagerComponent.java:205)
	at com.intellij.openapi.roots.impl.ProjectRootManagerImpl.fireRootsChanged(ProjectRootManagerImpl.java:459)
	at com.intellij.openapi.roots.impl.ProjectRootManagerImpl$2.fireRootsChanged(ProjectRootManagerImpl.java:167)
	at com.intellij.openapi.roots.impl.ProjectRootManagerImpl$2.fireRootsChanged(ProjectRootManagerImpl.java:164)
	at com.intellij.openapi.roots.impl.ProjectRootManagerImpl$BatchSession.rootsChanged(ProjectRootManagerImpl.java:113)
	at com.intellij.openapi.roots.impl.ProjectRootManagerImpl$BatchSession.rootsChanged(ProjectRootManagerImpl.java:121)
	at com.intellij.openapi.roots.impl.ProjectRootManagerComponent$1.fileTypesChanged(ProjectRootManagerComponent.java:99)
	at java.base/jdk.internal.reflect.NativeMethodAccessorImpl.invoke0(Native Method)
	at java.base/jdk.internal.reflect.NativeMethodAccessorImpl.invoke(NativeMethodAccessorImpl.java:62)
	at java.base/jdk.internal.reflect.DelegatingMethodAccessorImpl.invoke(DelegatingMethodAccessorImpl.java:43)
	at java.base/java.lang.reflect.Method.invoke(Method.java:566)
	at com.intellij.util.messages.impl.MessageBusImpl.invokeListener(MessageBusImpl.java:652)
	at com.intellij.util.messages.impl.MessageBusImpl.deliverMessage(MessageBusImpl.java:426)
	at com.intellij.util.messages.impl.MessageBusImpl.pumpWaitingBuses(MessageBusImpl.java:401)
	at com.intellij.util.messages.impl.MessageBusImpl.pumpMessages(MessageBusImpl.java:383)
	at com.intellij.util.messages.impl.MessageBusImpl.access$100(MessageBusImpl.java:33)
	at com.intellij.util.messages.impl.MessageBusImpl$MessagePublisher.invoke(MessageBusImpl.java:189)
	at com.sun.proxy.$Proxy134.fileTypesChanged(Unknown Source)
	at com.intellij.openapi.fileTypes.impl.FileTypeManagerImpl.fireFileTypesChanged(FileTypeManagerImpl.java:816)
	at com.intellij.openapi.fileTypes.impl.FileTypeManagerImpl.fireFileTypesChanged(FileTypeManagerImpl.java:810)
	at com.intellij.openapi.fileTypes.impl.FileTypeManagerImpl.associate(FileTypeManagerImpl.java:1312)
	at com.intellij.openapi.fileTypes.impl.FileTypeManagerImpl.associate(FileTypeManagerImpl.java:793)
	at com.intellij.openapi.fileTypes.FileTypeManager.associateExtension(FileTypeManager.java:147)
	at org.jetbrains.kotlin.idea.core.script.ScriptDefinitionsManager$updateDefinitions$2$$special$$inlined$runWriteAction$1.compute(actions.kt:63)
	at com.intellij.openapi.application.impl.ApplicationImpl.lambda$runWriteAction$16(ApplicationImpl.java:1009)
	at com.intellij.openapi.application.impl.ApplicationImpl.runWriteActionWithClass(ApplicationImpl.java:988)
	at com.intellij.openapi.application.impl.ApplicationImpl.runWriteAction(ApplicationImpl.java:1009)
	at org.jetbrains.kotlin.idea.core.script.ScriptDefinitionsManager$updateDefinitions$2.run(ScriptDefinitionsManager.kt:422)
	at com.intellij.openapi.application.TransactionGuardImpl.runWithWritingAllowed(TransactionGuardImpl.java:216)
	at com.intellij.openapi.application.TransactionGuardImpl.access$200(TransactionGuardImpl.java:24)
	at com.intellij.openapi.application.TransactionGuardImpl$2.run(TransactionGuardImpl.java:199)
	at com.intellij.openapi.application.impl.ApplicationImpl.runIntendedWriteActionOnCurrentThread(ApplicationImpl.java:822)
	at com.intellij.openapi.application.impl.ApplicationImpl.lambda$invokeLater$4(ApplicationImpl.java:324)
	at com.intellij.openapi.application.impl.FlushQueue.doRun(FlushQueue.java:85)
	at com.intellij.openapi.application.impl.FlushQueue.runNextEvent(FlushQueue.java:134)
	at com.intellij.openapi.application.impl.FlushQueue.flushNow(FlushQueue.java:47)
	at com.intellij.openapi.application.impl.FlushQueue$FlushNow.run(FlushQueue.java:190)
	at java.desktop/java.awt.event.InvocationEvent.dispatch(InvocationEvent.java:313)
	at java.desktop/java.awt.EventQueue.dispatchEventImpl(EventQueue.java:776)
	at java.desktop/java.awt.EventQueue$4.run(EventQueue.java:727)
	at java.desktop/java.awt.EventQueue$4.run(EventQueue.java:721)
	at java.base/java.security.AccessController.doPrivileged(Native Method)
	at java.base/java.security.ProtectionDomain$JavaSecurityAccessImpl.doIntersectionPrivilege(ProtectionDomain.java:85)
	at java.desktop/java.awt.EventQueue.dispatchEvent(EventQueue.java:746)
	at com.intellij.ide.IdeEventQueue.defaultDispatchEvent(IdeEventQueue.java:976)
	at com.intellij.ide.IdeEventQueue._dispatchEvent(IdeEventQueue.java:843)
	at com.intellij.ide.IdeEventQueue.lambda$dispatchEvent$8(IdeEventQueue.java:454)
	at com.intellij.openapi.progress.impl.CoreProgressManager.computePrioritized(CoreProgressManager.java:773)
	at com.intellij.ide.IdeEventQueue.lambda$dispatchEvent$9(IdeEventQueue.java:453)
	at com.intellij.openapi.application.impl.ApplicationImpl.runIntendedWriteActionOnCurrentThread(ApplicationImpl.java:822)
	at com.intellij.ide.IdeEventQueue.dispatchEvent(IdeEventQueue.java:501)
	at java.desktop/java.awt.EventDispatchThread.pumpOneEventForFilters(EventDispatchThread.java:203)
	at java.desktop/java.awt.EventDispatchThread.pumpEventsForFilter(EventDispatchThread.java:124)
	at java.desktop/java.awt.EventDispatchThread.pumpEventsForHierarchy(EventDispatchThread.java:113)
	at java.desktop/java.awt.EventDispatchThread.pumpEvents(EventDispatchThread.java:109)
	at java.desktop/java.awt.EventDispatchThread.pumpEvents(EventDispatchThread.java:101)
	at java.desktop/java.awt.EventDispatchThread.run(EventDispatchThread.java:90)
2021-01-18 22:10:08,784 [  83978]   INFO - .diagnostic.PerformanceWatcher - Pushing properties took 1ms; general responsiveness: ok; EDT responsiveness: ok 
2021-01-18 22:10:10,029 [  85223]   INFO - .diagnostic.PerformanceWatcher - Indexable file iteration took 1245ms; general responsiveness: ok; EDT responsiveness: ok 
2021-01-18 22:10:10,030 [  85224]   INFO - indexing.UnindexedFilesUpdater - Unindexed files update started: 0 files to index 
2021-01-18 22:11:42,175 [ 177369]   INFO - rationStore.ComponentStoreImpl - Saving appDebuggerSettings took 49 ms, FeatureUsageStatistics took 13 ms, TodoConfiguration took 12 ms 
2021-01-18 22:11:42,278 [ 177472]   INFO - rationStore.ComponentStoreImpl - Saving Project(name=untitled, containerState=COMPONENT_CREATED, componentStore=/home/bootcamp/IdeaProjects/untitled)KotlinCompilerSettings took 12 ms 
2021-01-18 22:11:42,672 [ 177866]   INFO - org.jetbrains.io.BuiltInServer - web server stopped 
2021-01-18 22:11:42,672 [ 177866]   INFO - .impl.FileTypeDetectionService - 324 auto-detected files. Detection took 134 ms 
2021-01-18 22:11:42,690 [ 177884]   INFO - il.indexing.FileBasedIndexImpl - START INDEX SHUTDOWN 
2021-01-18 22:11:42,717 [ 177911]   INFO - tellij.psi.stubs.StubIndexImpl - StubIndexExtension-s were unloaded 
2021-01-18 22:11:42,728 [ 177922]   INFO - pl.local.NativeFileWatcherImpl - Watcher terminated with exit code 0 
2021-01-18 22:11:42,730 [ 177924]   INFO - il.indexing.FileBasedIndexImpl - END INDEX SHUTDOWN 
2021-01-18 22:11:42,730 [ 177924]   INFO - newvfs.persistent.PersistentFS - VFS dispose started 
2021-01-18 22:11:42,733 [ 177927]   INFO - newvfs.persistent.PersistentFS - VFS dispose completed 
2021-01-18 22:11:42,733 [ 177927]   INFO - stubs.SerializationManagerImpl - Start shutting down /home/bootcamp/.cache/JetBrains/IdeaIC2020.3/index/rep.names 
2021-01-18 22:11:42,734 [ 177928]   INFO - stubs.SerializationManagerImpl - Finished shutting down /home/bootcamp/.cache/JetBrains/IdeaIC2020.3/index/rep.names 
2021-01-18 22:11:42,740 [ 177934]   INFO -        #com.intellij.idea.Main - ------------------------------------------------------ IDE SHUTDOWN ------------------------------------------------------ 
2021-01-18 22:11:42,743 [ 177937]   INFO - org.jetbrains.io.BuiltInServer - web server stopped 
