[    28.749] (--) Log file renamed from "/home/bootcamp/.local/share/xorg/Xorg.pid-1511.log" to "/home/bootcamp/.local/share/xorg/Xorg.0.log"
[    28.749] 
X.Org X Server 1.20.13
X Protocol Version 11, Revision 0
[    28.749] Build Operating System: linux Ubuntu
[    28.749] Current Operating System: Linux bootcamp-HP-EliteBook-840-G4 5.13.0-28-generic #31~20.04.1-Ubuntu SMP Wed Jan 19 14:08:10 UTC 2022 x86_64
[    28.749] Kernel command line: BOOT_IMAGE=/boot/vmlinuz-5.13.0-28-generic root=UUID=0c94d221-101e-401a-a226-3cfe2ade69a8 ro quiet splash vt.handoff=7
[    28.749] Build Date: 14 December 2021  02:14:13PM
[    28.749] xorg-server 2:1.20.13-1ubuntu1~20.04.2 (For technical support please see http://www.ubuntu.com/support) 
[    28.749] Current version of pixman: 0.38.4
[    28.749] 	Before reporting problems, check http://wiki.x.org
	to make sure that you have the latest version.
[    28.749] Markers: (--) probed, (**) from config file, (==) default setting,
	(++) from command line, (!!) notice, (II) informational,
	(WW) warning, (EE) error, (NI) not implemented, (??) unknown.
[    28.749] (==) Log file: "/home/bootcamp/.local/share/xorg/Xorg.0.log", Time: Wed Mar 23 18:44:07 2022
[    28.750] (==) Using system config directory "/usr/share/X11/xorg.conf.d"
[    28.752] (==) No Layout section.  Using the first Screen section.
[    28.753] (==) No screen section available. Using defaults.
[    28.753] (**) |-->Screen "Default Screen Section" (0)
[    28.753] (**) |   |-->Monitor "<default monitor>"
[    28.754] (==) No monitor specified for screen "Default Screen Section".
	Using a default monitor configuration.
[    28.754] (==) Automatically adding devices
[    28.754] (==) Automatically enabling devices
[    28.754] (==) Automatically adding GPU devices
[    28.754] (==) Automatically binding GPU devices
[    28.754] (==) Max clients allowed: 256, resource mask: 0x1fffff
[    28.754] (WW) The directory "/usr/share/fonts/X11/cyrillic" does not exist.
[    28.754] 	Entry deleted from font path.
[    28.754] (WW) The directory "/usr/share/fonts/X11/100dpi/" does not exist.
[    28.754] 	Entry deleted from font path.
[    28.754] (WW) The directory "/usr/share/fonts/X11/75dpi/" does not exist.
[    28.754] 	Entry deleted from font path.
[    28.754] (WW) The directory "/usr/share/fonts/X11/100dpi" does not exist.
[    28.754] 	Entry deleted from font path.
[    28.754] (WW) The directory "/usr/share/fonts/X11/75dpi" does not exist.
[    28.754] 	Entry deleted from font path.
[    28.754] (==) FontPath set to:
	/usr/share/fonts/X11/misc,
	/usr/share/fonts/X11/Type1,
	built-ins
[    28.754] (==) ModulePath set to "/usr/lib/xorg/modules"
[    28.754] (II) The server relies on udev to provide the list of input devices.
	If no devices become available, reconfigure udev or disable AutoAddDevices.
[    28.754] (II) Loader magic: 0x55e2bec90020
[    28.754] (II) Module ABI versions:
[    28.754] 	X.Org ANSI C Emulation: 0.4
[    28.754] 	X.Org Video Driver: 24.1
[    28.754] 	X.Org XInput driver : 24.1
[    28.754] 	X.Org Server Extension : 10.0
[    28.756] (++) using VT number 2

[    28.758] (II) systemd-logind: took control of session /org/freedesktop/login1/session/_32
[    28.759] (II) xfree86: Adding drm device (/dev/dri/card0)
[    28.759] (II) systemd-logind: got fd for /dev/dri/card0 226:0 fd 12 paused 0
[    28.762] (--) PCI:*(0@0:2:0) 8086:1916:103c:8079 rev 7, Mem @ 0xe0000000/16777216, 0xd0000000/268435456, I/O @ 0x00003000/64, BIOS @ 0x????????/131072
[    28.762] (II) LoadModule: "glx"
[    28.764] (II) Loading /usr/lib/xorg/modules/extensions/libglx.so
[    28.767] (II) Module glx: vendor="X.Org Foundation"
[    28.767] 	compiled for 1.20.13, module version = 1.0.0
[    28.767] 	ABI class: X.Org Server Extension, version 10.0
[    28.767] (==) Matched modesetting as autoconfigured driver 0
[    28.767] (==) Matched fbdev as autoconfigured driver 1
[    28.767] (==) Matched vesa as autoconfigured driver 2
[    28.767] (==) Assigned the driver to the xf86ConfigLayout
[    28.767] (II) LoadModule: "modesetting"
[    28.767] (II) Loading /usr/lib/xorg/modules/drivers/modesetting_drv.so
[    28.768] (II) Module modesetting: vendor="X.Org Foundation"
[    28.768] 	compiled for 1.20.13, module version = 1.20.13
[    28.768] 	Module class: X.Org Video Driver
[    28.768] 	ABI class: X.Org Video Driver, version 24.1
[    28.768] (II) LoadModule: "fbdev"
[    28.769] (II) Loading /usr/lib/xorg/modules/drivers/fbdev_drv.so
[    28.769] (II) Module fbdev: vendor="X.Org Foundation"
[    28.769] 	compiled for 1.20.1, module version = 0.5.0
[    28.769] 	Module class: X.Org Video Driver
[    28.769] 	ABI class: X.Org Video Driver, version 24.0
[    28.769] (II) LoadModule: "vesa"
[    28.769] (II) Loading /usr/lib/xorg/modules/drivers/vesa_drv.so
[    28.770] (II) Module vesa: vendor="X.Org Foundation"
[    28.770] 	compiled for 1.20.4, module version = 2.4.0
[    28.770] 	Module class: X.Org Video Driver
[    28.770] 	ABI class: X.Org Video Driver, version 24.0
[    28.770] (II) modesetting: Driver for Modesetting Kernel Drivers: kms
[    28.770] (II) FBDEV: driver for framebuffer: fbdev
[    28.770] (II) VESA: driver for VESA chipsets: vesa
[    28.770] xf86EnableIOPorts: failed to set IOPL for I/O (Operation not permitted)
[    28.770] (II) modeset(0): using drv /dev/dri/card0
[    28.770] (WW) Falling back to old probe method for fbdev
[    28.770] (II) Loading sub module "fbdevhw"
[    28.770] (II) LoadModule: "fbdevhw"
[    28.770] (II) Loading /usr/lib/xorg/modules/libfbdevhw.so
[    28.771] (II) Module fbdevhw: vendor="X.Org Foundation"
[    28.771] 	compiled for 1.20.13, module version = 0.0.2
[    28.771] 	ABI class: X.Org Video Driver, version 24.1
[    28.771] (EE) open /dev/fb0: Permission denied
[    28.771] (WW) VGA arbiter: cannot open kernel arbiter, no multi-card support
[    28.771] (II) modeset(0): Creating default Display subsection in Screen section
	"Default Screen Section" for depth/fbbpp 24/32
[    28.771] (==) modeset(0): Depth 24, (==) framebuffer bpp 32
[    28.771] (==) modeset(0): RGB weight 888
[    28.771] (==) modeset(0): Default visual is TrueColor
[    28.771] (II) Loading sub module "glamoregl"
[    28.771] (II) LoadModule: "glamoregl"
[    28.771] (II) Loading /usr/lib/xorg/modules/libglamoregl.so
[    28.775] (II) Module glamoregl: vendor="X.Org Foundation"
[    28.775] 	compiled for 1.20.13, module version = 1.0.1
[    28.775] 	ABI class: X.Org ANSI C Emulation, version 0.4
[    28.814] (II) modeset(0): glamor X acceleration enabled on Mesa Intel(R) HD Graphics 520 (SKL GT2)
[    28.814] (II) modeset(0): glamor initialized
[    28.818] (II) modeset(0): Output eDP-1 has no monitor section
[    28.818] (II) modeset(0): Output DP-1 has no monitor section
[    28.824] (II) modeset(0): Output HDMI-1 has no monitor section
[    28.824] (II) modeset(0): Output DP-2 has no monitor section
[    28.828] (II) modeset(0): Output HDMI-2 has no monitor section
[    28.830] (II) modeset(0): EDID for output eDP-1
[    28.830] (II) modeset(0): Manufacturer: CMN  Model: 14c0  Serial#: 0
[    28.830] (II) modeset(0): Year: 2015  Week: 20
[    28.830] (II) modeset(0): EDID Version: 1.4
[    28.830] (II) modeset(0): Digital Display Input
[    28.830] (II) modeset(0): 6 bits per channel
[    28.830] (II) modeset(0): Digital interface is DisplayPort
[    28.830] (II) modeset(0): Max Image Size [cm]: horiz.: 31  vert.: 17
[    28.830] (II) modeset(0): Gamma: 2.20
[    28.830] (II) modeset(0): No DPMS capabilities specified
[    28.830] (II) modeset(0): Supported color encodings: RGB 4:4:4 
[    28.830] (II) modeset(0): First detailed timing is preferred mode
[    28.830] (II) modeset(0): Preferred mode is native pixel format and refresh rate
[    28.830] (II) modeset(0): redX: 0.617 redY: 0.335   greenX: 0.325 greenY: 0.573
[    28.830] (II) modeset(0): blueX: 0.161 blueY: 0.070   whiteX: 0.313 whiteY: 0.329
[    28.830] (II) modeset(0): Manufacturer's mask: 0
[    28.830] (II) modeset(0): Supported detailed timing:
[    28.830] (II) modeset(0): clock: 152.8 MHz   Image Size:  308 x 173 mm
[    28.831] (II) modeset(0): h_active: 1920  h_sync: 2000  h_sync_end 2060 h_blank_end 2250 h_border: 0
[    28.831] (II) modeset(0): v_active: 1080  v_sync: 1086  v_sync_end 1094 v_blanking: 1132 v_border: 0
[    28.831] (II) modeset(0): Supported detailed timing:
[    28.831] (II) modeset(0): clock: 101.9 MHz   Image Size:  308 x 173 mm
[    28.831] (II) modeset(0): h_active: 1920  h_sync: 2000  h_sync_end 2060 h_blank_end 2250 h_border: 0
[    28.831] (II) modeset(0): v_active: 1080  v_sync: 1086  v_sync_end 1094 v_blanking: 1132 v_border: 0
[    28.831] (II) modeset(0): Unknown vendor-specific block 2
[    28.831] (II) modeset(0): EDID (in hex):
[    28.831] (II) modeset(0): 	00ffffffffffff000daec01400000000
[    28.831] (II) modeset(0): 	14190104951f11780237459e55539229
[    28.831] (II) modeset(0): 	12505400000001010101010101010101
[    28.831] (II) modeset(0): 	010101010101b43b804a71383440503c
[    28.831] (II) modeset(0): 	680034ad1000001acd27804a71383440
[    28.831] (II) modeset(0): 	503c680034ad1000001a000000000000
[    28.831] (II) modeset(0): 	00000000000000000000000000000002
[    28.831] (II) modeset(0): 	000c33ff0f3c96100d2296000000001e
[    28.831] (II) modeset(0): Printing probed modes for output eDP-1
[    28.831] (II) modeset(0): Modeline "1920x1080"x60.0  152.84  1920 2000 2060 2250  1080 1086 1094 1132 +hsync -vsync (67.9 kHz eP)
[    28.831] (II) modeset(0): Modeline "1920x1080"x120.0  356.38  1920 2080 2288 2656  1080 1081 1084 1118 doublescan -hsync +vsync (134.2 kHz d)
[    28.831] (II) modeset(0): Modeline "1920x1080"x119.9  266.50  1920 1944 1960 2000  1080 1081 1084 1111 doublescan +hsync -vsync (133.2 kHz d)
[    28.831] (II) modeset(0): Modeline "1920x1080"x60.0  173.00  1920 2048 2248 2576  1080 1083 1088 1120 -hsync +vsync (67.2 kHz d)
[    28.831] (II) modeset(0): Modeline "1920x1080"x59.9  138.50  1920 1968 2000 2080  1080 1083 1088 1111 +hsync -vsync (66.6 kHz d)
[    28.831] (II) modeset(0): Modeline "1920x1080"x40.0  101.89  1920 2000 2060 2250  1080 1086 1094 1132 +hsync -vsync (45.3 kHz e)
[    28.831] (II) modeset(0): Modeline "1680x1050"x60.0  146.25  1680 1784 1960 2240  1050 1053 1059 1089 -hsync +vsync (65.3 kHz d)
[    28.831] (II) modeset(0): Modeline "1680x1050"x59.9  119.00  1680 1728 1760 1840  1050 1053 1059 1080 +hsync -vsync (64.7 kHz d)
[    28.831] (II) modeset(0): Modeline "1600x1024"x60.2  103.12  1600 1600 1656 1664  1024 1024 1029 1030 +hsync +vsync (62.0 kHz d)
[    28.831] (II) modeset(0): Modeline "1400x1050"x60.0  122.00  1400 1488 1640 1880  1050 1052 1064 1082 +hsync +vsync (64.9 kHz d)
[    28.831] (II) modeset(0): Modeline "1600x900"x120.0  246.00  1600 1728 1900 2200  900 901 904 932 doublescan -hsync +vsync (111.8 kHz d)
[    28.831] (II) modeset(0): Modeline "1600x900"x119.9  186.50  1600 1624 1640 1680  900 901 904 926 doublescan +hsync -vsync (111.0 kHz d)
[    28.831] (II) modeset(0): Modeline "1600x900"x59.9  118.25  1600 1696 1856 2112  900 903 908 934 -hsync +vsync (56.0 kHz d)
[    28.831] (II) modeset(0): Modeline "1600x900"x59.8   97.50  1600 1648 1680 1760  900 903 908 926 +hsync -vsync (55.4 kHz d)
[    28.831] (II) modeset(0): Modeline "1280x1024"x60.0  108.00  1280 1328 1440 1688  1024 1025 1028 1066 +hsync +vsync (64.0 kHz d)
[    28.831] (II) modeset(0): Modeline "1440x900"x59.9  106.50  1440 1520 1672 1904  900 903 909 934 -hsync +vsync (55.9 kHz d)
[    28.831] (II) modeset(0): Modeline "1400x900"x60.0  103.50  1400 1480 1624 1848  900 903 913 934 -hsync +vsync (56.0 kHz d)
[    28.831] (II) modeset(0): Modeline "1400x900"x59.9   86.50  1400 1448 1480 1560  900 903 913 926 +hsync -vsync (55.4 kHz d)
[    28.831] (II) modeset(0): Modeline "1280x960"x60.0  108.00  1280 1376 1488 1800  960 961 964 1000 +hsync +vsync (60.0 kHz d)
[    28.831] (II) modeset(0): Modeline "1440x810"x120.0  198.12  1440 1548 1704 1968  810 811 814 839 doublescan -hsync +vsync (100.7 kHz d)
[    28.831] (II) modeset(0): Modeline "1440x810"x119.9  151.88  1440 1464 1480 1520  810 811 814 833 doublescan +hsync -vsync (99.9 kHz d)
[    28.831] (II) modeset(0): Modeline "1368x768"x59.9   85.25  1368 1440 1576 1784  768 771 781 798 -hsync +vsync (47.8 kHz d)
[    28.831] (II) modeset(0): Modeline "1368x768"x59.9   72.25  1368 1416 1448 1528  768 771 781 790 +hsync -vsync (47.3 kHz d)
[    28.831] (II) modeset(0): Modeline "1360x768"x59.8   84.75  1360 1432 1568 1776  768 771 781 798 -hsync +vsync (47.7 kHz d)
[    28.831] (II) modeset(0): Modeline "1360x768"x60.0   72.00  1360 1408 1440 1520  768 771 781 790 +hsync -vsync (47.4 kHz d)
[    28.831] (II) modeset(0): Modeline "1280x800"x120.0  174.25  1280 1380 1516 1752  800 801 804 829 doublescan -hsync +vsync (99.5 kHz d)
[    28.831] (II) modeset(0): Modeline "1280x800"x119.9  134.25  1280 1304 1320 1360  800 801 804 823 doublescan +hsync -vsync (98.7 kHz d)
[    28.831] (II) modeset(0): Modeline "1280x800"x59.8   83.50  1280 1352 1480 1680  800 803 809 831 -hsync +vsync (49.7 kHz d)
[    28.831] (II) modeset(0): Modeline "1280x800"x59.9   71.00  1280 1328 1360 1440  800 803 809 823 +hsync -vsync (49.3 kHz d)
[    28.831] (II) modeset(0): Modeline "1152x864"x60.0   81.62  1152 1216 1336 1520  864 865 868 895 -hsync +vsync (53.7 kHz d)
[    28.832] (II) modeset(0): Modeline "1280x720"x120.0  156.12  1280 1376 1512 1744  720 721 724 746 doublescan -hsync +vsync (89.5 kHz d)
[    28.832] (II) modeset(0): Modeline "1280x720"x120.0  120.75  1280 1304 1320 1360  720 721 724 740 doublescan +hsync -vsync (88.8 kHz d)
[    28.832] (II) modeset(0): Modeline "1280x720"x59.9   74.50  1280 1344 1472 1664  720 723 728 748 -hsync +vsync (44.8 kHz d)
[    28.832] (II) modeset(0): Modeline "1280x720"x59.7   63.75  1280 1328 1360 1440  720 723 728 741 +hsync -vsync (44.3 kHz d)
[    28.832] (II) modeset(0): Modeline "1024x768"x120.1  133.47  1024 1100 1212 1400  768 768 770 794 doublescan -hsync +vsync (95.3 kHz d)
[    28.832] (II) modeset(0): Modeline "1024x768"x60.0   65.00  1024 1048 1184 1344  768 771 777 806 -hsync -vsync (48.4 kHz d)
[    28.832] (II) modeset(0): Modeline "960x720"x120.0  117.00  960 1024 1128 1300  720 720 722 750 doublescan -hsync +vsync (90.0 kHz d)
[    28.832] (II) modeset(0): Modeline "928x696"x120.1  109.15  928 976 1088 1264  696 696 698 719 doublescan -hsync +vsync (86.4 kHz d)
[    28.832] (II) modeset(0): Modeline "896x672"x120.0  102.40  896 960 1060 1224  672 672 674 697 doublescan -hsync +vsync (83.7 kHz d)
[    28.832] (II) modeset(0): Modeline "1024x576"x119.9   98.50  1024 1092 1200 1376  576 577 580 597 doublescan -hsync +vsync (71.6 kHz d)
[    28.832] (II) modeset(0): Modeline "1024x576"x119.9   78.38  1024 1048 1064 1104  576 577 580 592 doublescan +hsync -vsync (71.0 kHz d)
[    28.832] (II) modeset(0): Modeline "1024x576"x59.9   46.50  1024 1064 1160 1296  576 579 584 599 -hsync +vsync (35.9 kHz d)
[    28.832] (II) modeset(0): Modeline "1024x576"x59.8   42.00  1024 1072 1104 1184  576 579 584 593 +hsync -vsync (35.5 kHz d)
[    28.832] (II) modeset(0): Modeline "960x600"x119.9   96.62  960 1028 1128 1296  600 601 604 622 doublescan -hsync +vsync (74.6 kHz d)
[    28.832] (II) modeset(0): Modeline "960x600"x120.0   77.00  960 984 1000 1040  600 601 604 617 doublescan +hsync -vsync (74.0 kHz d)
[    28.832] (II) modeset(0): Modeline "960x540"x119.9   86.50  960 1024 1124 1288  540 541 544 560 doublescan -hsync +vsync (67.2 kHz d)
[    28.832] (II) modeset(0): Modeline "960x540"x120.0   69.25  960 984 1000 1040  540 541 544 555 doublescan +hsync -vsync (66.6 kHz d)
[    28.832] (II) modeset(0): Modeline "960x540"x59.6   40.75  960 992 1088 1216  540 543 548 562 -hsync +vsync (33.5 kHz d)
[    28.832] (II) modeset(0): Modeline "960x540"x59.8   37.25  960 1008 1040 1120  540 543 548 556 +hsync -vsync (33.3 kHz d)
[    28.832] (II) modeset(0): Modeline "800x600"x120.0   81.00  800 832 928 1080  600 600 602 625 doublescan +hsync +vsync (75.0 kHz d)
[    28.832] (II) modeset(0): Modeline "800x600"x60.3   40.00  800 840 968 1056  600 601 605 628 +hsync +vsync (37.9 kHz d)
[    28.832] (II) modeset(0): Modeline "800x600"x56.2   36.00  800 824 896 1024  600 601 603 625 +hsync +vsync (35.2 kHz d)
[    28.832] (II) modeset(0): Modeline "840x525"x120.0   73.12  840 892 980 1120  525 526 529 544 doublescan -hsync +vsync (65.3 kHz d)
[    28.832] (II) modeset(0): Modeline "840x525"x119.8   59.50  840 864 880 920  525 526 529 540 doublescan +hsync -vsync (64.7 kHz d)
[    28.832] (II) modeset(0): Modeline "864x486"x59.9   32.50  864 888 968 1072  486 489 494 506 -hsync +vsync (30.3 kHz d)
[    28.832] (II) modeset(0): Modeline "864x486"x59.6   30.50  864 912 944 1024  486 489 494 500 +hsync -vsync (29.8 kHz d)
[    28.832] (II) modeset(0): Modeline "800x512"x120.3   51.56  800 800 828 832  512 512 514 515 doublescan +hsync +vsync (62.0 kHz d)
[    28.832] (II) modeset(0): Modeline "700x525"x120.0   61.00  700 744 820 940  525 526 532 541 doublescan +hsync +vsync (64.9 kHz d)
[    28.832] (II) modeset(0): Modeline "800x450"x119.9   59.12  800 848 928 1056  450 451 454 467 doublescan -hsync +vsync (56.0 kHz d)
[    28.832] (II) modeset(0): Modeline "800x450"x119.6   48.75  800 824 840 880  450 451 454 463 doublescan +hsync -vsync (55.4 kHz d)
[    28.832] (II) modeset(0): Modeline "640x512"x120.0   54.00  640 664 720 844  512 512 514 533 doublescan +hsync +vsync (64.0 kHz d)
[    28.832] (II) modeset(0): Modeline "720x450"x119.8   53.25  720 760 836 952  450 451 454 467 doublescan -hsync +vsync (55.9 kHz d)
[    28.832] (II) modeset(0): Modeline "700x450"x119.9   51.75  700 740 812 924  450 451 456 467 doublescan -hsync +vsync (56.0 kHz d)
[    28.832] (II) modeset(0): Modeline "700x450"x119.8   43.25  700 724 740 780  450 451 456 463 doublescan +hsync -vsync (55.4 kHz d)
[    28.832] (II) modeset(0): Modeline "640x480"x120.0   54.00  640 688 744 900  480 480 482 500 doublescan +hsync +vsync (60.0 kHz d)
[    28.832] (II) modeset(0): Modeline "640x480"x59.9   25.18  640 656 752 800  480 490 492 525 -hsync -vsync (31.5 kHz d)
[    28.832] (II) modeset(0): Modeline "720x405"x59.5   22.50  720 744 808 896  405 408 413 422 -hsync +vsync (25.1 kHz d)
[    28.832] (II) modeset(0): Modeline "720x405"x59.0   21.75  720 768 800 880  405 408 413 419 +hsync -vsync (24.7 kHz d)
[    28.832] (II) modeset(0): Modeline "684x384"x119.8   42.62  684 720 788 892  384 385 390 399 doublescan -hsync +vsync (47.8 kHz d)
[    28.832] (II) modeset(0): Modeline "684x384"x119.7   36.12  684 708 724 764  384 385 390 395 doublescan +hsync -vsync (47.3 kHz d)
[    28.832] (II) modeset(0): Modeline "680x384"x119.6   42.38  680 716 784 888  384 385 390 399 doublescan -hsync +vsync (47.7 kHz d)
[    28.832] (II) modeset(0): Modeline "680x384"x119.9   36.00  680 704 720 760  384 385 390 395 doublescan +hsync -vsync (47.4 kHz d)
[    28.832] (II) modeset(0): Modeline "640x400"x119.8   41.75  640 676 740 840  400 401 404 415 doublescan -hsync +vsync (49.7 kHz d)
[    28.832] (II) modeset(0): Modeline "640x400"x120.0   35.50  640 664 680 720  400 401 404 411 doublescan +hsync -vsync (49.3 kHz d)
[    28.832] (II) modeset(0): Modeline "576x432"x120.1   40.81  576 608 668 760  432 432 434 447 doublescan -hsync +vsync (53.7 kHz d)
[    28.832] (II) modeset(0): Modeline "640x360"x119.7   37.25  640 672 736 832  360 361 364 374 doublescan -hsync +vsync (44.8 kHz d)
[    28.832] (II) modeset(0): Modeline "640x360"x119.7   31.88  640 664 680 720  360 361 364 370 doublescan +hsync -vsync (44.3 kHz d)
[    28.832] (II) modeset(0): Modeline "640x360"x59.8   18.00  640 664 720 800  360 363 368 376 -hsync +vsync (22.5 kHz d)
[    28.832] (II) modeset(0): Modeline "640x360"x59.3   17.75  640 688 720 800  360 363 368 374 +hsync -vsync (22.2 kHz d)
[    28.832] (II) modeset(0): Modeline "512x384"x120.0   32.50  512 524 592 672  384 385 388 403 doublescan -hsync -vsync (48.4 kHz d)
[    28.832] (II) modeset(0): Modeline "512x288"x120.0   23.25  512 532 580 648  288 289 292 299 doublescan -hsync +vsync (35.9 kHz d)
[    28.832] (II) modeset(0): Modeline "512x288"x119.8   21.00  512 536 552 592  288 289 292 296 doublescan +hsync -vsync (35.5 kHz d)
[    28.832] (II) modeset(0): Modeline "480x270"x119.3   20.38  480 496 544 608  270 271 274 281 doublescan -hsync +vsync (33.5 kHz d)
[    28.832] (II) modeset(0): Modeline "480x270"x119.6   18.62  480 504 520 560  270 271 274 278 doublescan +hsync -vsync (33.3 kHz d)
[    28.832] (II) modeset(0): Modeline "400x300"x120.6   20.00  400 420 484 528  300 300 302 314 doublescan +hsync +vsync (37.9 kHz d)
[    28.832] (II) modeset(0): Modeline "400x300"x112.7   18.00  400 412 448 512  300 300 301 312 doublescan +hsync +vsync (35.2 kHz d)
[    28.832] (II) modeset(0): Modeline "432x243"x119.8   16.25  432 444 484 536  243 244 247 253 doublescan -hsync +vsync (30.3 kHz d)
[    28.832] (II) modeset(0): Modeline "432x243"x119.1   15.25  432 456 472 512  243 244 247 250 doublescan +hsync -vsync (29.8 kHz d)
[    28.832] (II) modeset(0): Modeline "320x240"x120.1   12.59  320 328 376 400  240 245 246 262 doublescan -hsync -vsync (31.5 kHz d)
[    28.832] (II) modeset(0): Modeline "360x202"x119.0   11.25  360 372 404 448  202 204 206 211 doublescan -hsync +vsync (25.1 kHz d)
[    28.832] (II) modeset(0): Modeline "360x202"x118.3   10.88  360 384 400 440  202 204 206 209 doublescan +hsync -vsync (24.7 kHz d)
[    28.832] (II) modeset(0): Modeline "320x180"x119.7    9.00  320 332 360 400  180 181 184 188 doublescan -hsync +vsync (22.5 kHz d)
[    28.832] (II) modeset(0): Modeline "320x180"x118.6    8.88  320 344 360 400  180 181 184 187 doublescan +hsync -vsync (22.2 kHz d)
[    28.832] (II) modeset(0): EDID for output DP-1
[    28.838] (II) modeset(0): EDID for output HDMI-1
[    28.838] (II) modeset(0): EDID for output DP-2
[    28.844] (II) modeset(0): EDID for output HDMI-2
[    28.844] (II) modeset(0): Output eDP-1 connected
[    28.844] (II) modeset(0): Output DP-1 disconnected
[    28.844] (II) modeset(0): Output HDMI-1 disconnected
[    28.844] (II) modeset(0): Output DP-2 disconnected
[    28.844] (II) modeset(0): Output HDMI-2 disconnected
[    28.844] (II) modeset(0): Using exact sizes for initial modes
[    28.844] (II) modeset(0): Output eDP-1 using initial mode 1920x1080 +0+0
[    28.844] (==) modeset(0): Using gamma correction (1.0, 1.0, 1.0)
[    28.844] (==) modeset(0): DPI set to (96, 96)
[    28.844] (II) Loading sub module "fb"
[    28.844] (II) LoadModule: "fb"
[    28.845] (II) Loading /usr/lib/xorg/modules/libfb.so
[    28.847] (II) Module fb: vendor="X.Org Foundation"
[    28.847] 	compiled for 1.20.13, module version = 1.0.0
[    28.847] 	ABI class: X.Org ANSI C Emulation, version 0.4
[    28.847] (II) UnloadModule: "fbdev"
[    28.847] (II) Unloading fbdev
[    28.847] (II) UnloadSubModule: "fbdevhw"
[    28.847] (II) Unloading fbdevhw
[    28.847] (II) UnloadModule: "vesa"
[    28.847] (II) Unloading vesa
[    28.891] (==) modeset(0): Backing store enabled
[    28.891] (==) modeset(0): Silken mouse enabled
[    28.973] (II) modeset(0): Initializing kms color map for depth 24, 8 bpc.
[    28.973] (==) modeset(0): DPMS enabled
[    28.973] (II) modeset(0): [DRI2] Setup complete
[    28.973] (II) modeset(0): [DRI2]   DRI driver: iris
[    28.973] (II) modeset(0): [DRI2]   VDPAU driver: va_gl
[    28.973] (II) Initializing extension Generic Event Extension
[    28.973] (II) Initializing extension SHAPE
[    28.973] (II) Initializing extension MIT-SHM
[    28.974] (II) Initializing extension XInputExtension
[    28.974] (II) Initializing extension XTEST
[    28.974] (II) Initializing extension BIG-REQUESTS
[    28.975] (II) Initializing extension SYNC
[    28.975] (II) Initializing extension XKEYBOARD
[    28.975] (II) Initializing extension XC-MISC
[    28.975] (II) Initializing extension SECURITY
[    28.975] (II) Initializing extension XFIXES
[    28.975] (II) Initializing extension RENDER
[    28.975] (II) Initializing extension RANDR
[    28.976] (II) Initializing extension COMPOSITE
[    28.976] (II) Initializing extension DAMAGE
[    28.976] (II) Initializing extension MIT-SCREEN-SAVER
[    28.976] (II) Initializing extension DOUBLE-BUFFER
[    28.976] (II) Initializing extension RECORD
[    28.976] (II) Initializing extension DPMS
[    28.976] (II) Initializing extension Present
[    28.977] (II) Initializing extension DRI3
[    28.977] (II) Initializing extension X-Resource
[    28.977] (II) Initializing extension XVideo
[    28.977] (II) Initializing extension XVideo-MotionCompensation
[    28.977] (II) Initializing extension SELinux
[    28.977] (II) SELinux: Disabled on system
[    28.977] (II) Initializing extension GLX
[    28.985] (II) AIGLX: Loaded and initialized iris
[    28.985] (II) GLX: Initialized DRI2 GL provider for screen 0
[    28.985] (II) Initializing extension XFree86-VidModeExtension
[    28.985] (II) Initializing extension XFree86-DGA
[    28.986] (II) Initializing extension XFree86-DRI
[    28.986] (II) Initializing extension DRI2
[    28.987] (II) modeset(0): Damage tracking initialized
[    28.988] (II) modeset(0): Setting screen physical size to 508 x 285
[    29.039] (II) config/udev: Adding input device Power Button (/dev/input/event2)
[    29.039] (**) Power Button: Applying InputClass "libinput keyboard catchall"
[    29.039] (II) LoadModule: "libinput"
[    29.039] (II) Loading /usr/lib/xorg/modules/input/libinput_drv.so
[    29.042] (II) Module libinput: vendor="X.Org Foundation"
[    29.042] 	compiled for 1.20.4, module version = 0.29.0
[    29.042] 	Module class: X.Org XInput Driver
[    29.042] 	ABI class: X.Org XInput driver, version 24.1
[    29.042] (II) Using input driver 'libinput' for 'Power Button'
[    29.043] (II) systemd-logind: got fd for /dev/input/event2 13:66 fd 26 paused 0
[    29.043] (**) Power Button: always reports core events
[    29.043] (**) Option "Device" "/dev/input/event2"
[    29.043] (**) Option "_source" "server/udev"
[    29.045] (II) event2  - Power Button: is tagged by udev as: Keyboard
[    29.045] (II) event2  - Power Button: device is a keyboard
[    29.045] (II) event2  - Power Button: device removed
[    29.045] (**) Option "config_info" "udev:/sys/devices/LNXSYSTM:00/LNXPWRBN:00/input/input2/event2"
[    29.045] (II) XINPUT: Adding extended input device "Power Button" (type: KEYBOARD, id 6)
[    29.045] (**) Option "xkb_model" "pc105"
[    29.046] (**) Option "xkb_layout" "us"
[    29.047] (II) event2  - Power Button: is tagged by udev as: Keyboard
[    29.047] (II) event2  - Power Button: device is a keyboard
[    29.048] (II) config/udev: Adding input device Video Bus (/dev/input/event10)
[    29.048] (**) Video Bus: Applying InputClass "libinput keyboard catchall"
[    29.048] (II) Using input driver 'libinput' for 'Video Bus'
[    29.049] (II) systemd-logind: got fd for /dev/input/event10 13:74 fd 29 paused 0
[    29.049] (**) Video Bus: always reports core events
[    29.049] (**) Option "Device" "/dev/input/event10"
[    29.049] (**) Option "_source" "server/udev"
[    29.050] (II) event10 - Video Bus: is tagged by udev as: Keyboard
[    29.050] (II) event10 - Video Bus: device is a keyboard
[    29.050] (II) event10 - Video Bus: device removed
[    29.051] (**) Option "config_info" "udev:/sys/devices/LNXSYSTM:00/LNXSYBUS:00/PNP0A08:00/LNXVIDEO:00/input/input19/event10"
[    29.051] (II) XINPUT: Adding extended input device "Video Bus" (type: KEYBOARD, id 7)
[    29.051] (**) Option "xkb_model" "pc105"
[    29.051] (**) Option "xkb_layout" "us"
[    29.052] (II) event10 - Video Bus: is tagged by udev as: Keyboard
[    29.052] (II) event10 - Video Bus: device is a keyboard
[    29.053] (II) config/udev: Adding input device Lid Switch (/dev/input/event1)
[    29.053] (II) No input driver specified, ignoring this device.
[    29.053] (II) This device may have been added with another device file.
[    29.053] (II) config/udev: Adding input device Sleep Button (/dev/input/event0)
[    29.053] (**) Sleep Button: Applying InputClass "libinput keyboard catchall"
[    29.054] (II) Using input driver 'libinput' for 'Sleep Button'
[    29.055] (II) systemd-logind: got fd for /dev/input/event0 13:64 fd 30 paused 0
[    29.055] (**) Sleep Button: always reports core events
[    29.055] (**) Option "Device" "/dev/input/event0"
[    29.055] (**) Option "_source" "server/udev"
[    29.056] (II) event0  - Sleep Button: is tagged by udev as: Keyboard
[    29.056] (II) event0  - Sleep Button: device is a keyboard
[    29.056] (II) event0  - Sleep Button: device removed
[    29.056] (**) Option "config_info" "udev:/sys/devices/LNXSYSTM:00/LNXSYBUS:00/PNP0C0E:00/input/input0/event0"
[    29.056] (II) XINPUT: Adding extended input device "Sleep Button" (type: KEYBOARD, id 8)
[    29.056] (**) Option "xkb_model" "pc105"
[    29.056] (**) Option "xkb_layout" "us"
[    29.058] (II) event0  - Sleep Button: is tagged by udev as: Keyboard
[    29.058] (II) event0  - Sleep Button: device is a keyboard
[    29.062] (II) config/udev: Adding input device HP HD Camera: HP HD Camera (/dev/input/event9)
[    29.062] (**) HP HD Camera: HP HD Camera: Applying InputClass "libinput keyboard catchall"
[    29.062] (II) Using input driver 'libinput' for 'HP HD Camera: HP HD Camera'
[    29.063] (II) systemd-logind: got fd for /dev/input/event9 13:73 fd 31 paused 0
[    29.063] (**) HP HD Camera: HP HD Camera: always reports core events
[    29.063] (**) Option "Device" "/dev/input/event9"
[    29.063] (**) Option "_source" "server/udev"
[    29.064] (II) event9  - HP HD Camera: HP HD Camera: is tagged by udev as: Keyboard
[    29.064] (II) event9  - HP HD Camera: HP HD Camera: device is a keyboard
[    29.065] (II) event9  - HP HD Camera: HP HD Camera: device removed
[    29.065] (**) Option "config_info" "udev:/sys/devices/pci0000:00/0000:00:14.0/usb1/1-9/1-9:1.0/input/input18/event9"
[    29.065] (II) XINPUT: Adding extended input device "HP HD Camera: HP HD Camera" (type: KEYBOARD, id 9)
[    29.065] (**) Option "xkb_model" "pc105"
[    29.065] (**) Option "xkb_layout" "us"
[    29.066] (II) event9  - HP HD Camera: HP HD Camera: is tagged by udev as: Keyboard
[    29.067] (II) event9  - HP HD Camera: HP HD Camera: device is a keyboard
[    29.068] (II) config/udev: Adding input device ATML1000:00 03EB:8A61 (/dev/input/event4)
[    29.068] (**) ATML1000:00 03EB:8A61: Applying InputClass "libinput touchscreen catchall"
[    29.068] (II) Using input driver 'libinput' for 'ATML1000:00 03EB:8A61'
[    29.068] (II) systemd-logind: got fd for /dev/input/event4 13:68 fd 32 paused 0
[    29.069] (**) ATML1000:00 03EB:8A61: always reports core events
[    29.069] (**) Option "Device" "/dev/input/event4"
[    29.069] (**) Option "_source" "server/udev"
[    29.070] (II) event4  - ATML1000:00 03EB:8A61: is tagged by udev as: Touchscreen
[    29.071] (II) event4  - ATML1000:00 03EB:8A61: device is a touch device
[    29.071] (II) event4  - ATML1000:00 03EB:8A61: device removed
[    29.071] (**) Option "config_info" "udev:/sys/devices/pci0000:00/0000:00:15.0/i2c_designware.0/i2c-1/i2c-ATML1000:00/0018:03EB:8A61.0001/input/input16/event4"
[    29.071] (II) XINPUT: Adding extended input device "ATML1000:00 03EB:8A61" (type: TOUCHSCREEN, id 10)
[    29.071] (**) Option "AccelerationScheme" "none"
[    29.071] (**) ATML1000:00 03EB:8A61: (accel) selected scheme none/0
[    29.071] (**) ATML1000:00 03EB:8A61: (accel) acceleration factor: 2.000
[    29.071] (**) ATML1000:00 03EB:8A61: (accel) acceleration threshold: 4
[    29.073] (II) event4  - ATML1000:00 03EB:8A61: is tagged by udev as: Touchscreen
[    29.073] (II) event4  - ATML1000:00 03EB:8A61: device is a touch device
[    29.074] (II) config/udev: Adding input device ATML1000:00 03EB:8A61 (/dev/input/mouse0)
[    29.074] (II) No input driver specified, ignoring this device.
[    29.074] (II) This device may have been added with another device file.
[    29.075] (II) config/udev: Adding input device HDA Intel PCH Mic (/dev/input/event12)
[    29.075] (II) No input driver specified, ignoring this device.
[    29.075] (II) This device may have been added with another device file.
[    29.075] (II) config/udev: Adding input device HDA Intel PCH Line (/dev/input/event13)
[    29.075] (II) No input driver specified, ignoring this device.
[    29.075] (II) This device may have been added with another device file.
[    29.076] (II) config/udev: Adding input device HDA Intel PCH Dock Line Out (/dev/input/event14)
[    29.076] (II) No input driver specified, ignoring this device.
[    29.076] (II) This device may have been added with another device file.
[    29.076] (II) config/udev: Adding input device HDA Intel PCH Headphone (/dev/input/event15)
[    29.076] (II) No input driver specified, ignoring this device.
[    29.076] (II) This device may have been added with another device file.
[    29.077] (II) config/udev: Adding input device HDA Intel PCH HDMI/DP,pcm=3 (/dev/input/event16)
[    29.077] (II) No input driver specified, ignoring this device.
[    29.077] (II) This device may have been added with another device file.
[    29.077] (II) config/udev: Adding input device HDA Intel PCH HDMI/DP,pcm=7 (/dev/input/event17)
[    29.077] (II) No input driver specified, ignoring this device.
[    29.077] (II) This device may have been added with another device file.
[    29.078] (II) config/udev: Adding input device HDA Intel PCH HDMI/DP,pcm=8 (/dev/input/event18)
[    29.078] (II) No input driver specified, ignoring this device.
[    29.078] (II) This device may have been added with another device file.
[    29.078] (II) config/udev: Adding input device HDA Intel PCH HDMI/DP,pcm=9 (/dev/input/event19)
[    29.078] (II) No input driver specified, ignoring this device.
[    29.078] (II) This device may have been added with another device file.
[    29.079] (II) config/udev: Adding input device HDA Intel PCH HDMI/DP,pcm=10 (/dev/input/event20)
[    29.079] (II) No input driver specified, ignoring this device.
[    29.079] (II) This device may have been added with another device file.
[    29.079] (II) config/udev: Adding input device AT Translated Set 2 keyboard (/dev/input/event3)
[    29.080] (**) AT Translated Set 2 keyboard: Applying InputClass "libinput keyboard catchall"
[    29.080] (II) Using input driver 'libinput' for 'AT Translated Set 2 keyboard'
[    29.080] (II) systemd-logind: got fd for /dev/input/event3 13:67 fd 33 paused 0
[    29.080] (**) AT Translated Set 2 keyboard: always reports core events
[    29.080] (**) Option "Device" "/dev/input/event3"
[    29.080] (**) Option "_source" "server/udev"
[    29.081] (II) event3  - AT Translated Set 2 keyboard: is tagged by udev as: Keyboard
[    29.082] (II) event3  - AT Translated Set 2 keyboard: device is a keyboard
[    29.082] (II) event3  - AT Translated Set 2 keyboard: device removed
[    29.082] (**) Option "config_info" "udev:/sys/devices/platform/i8042/serio0/input/input3/event3"
[    29.082] (II) XINPUT: Adding extended input device "AT Translated Set 2 keyboard" (type: KEYBOARD, id 11)
[    29.082] (**) Option "xkb_model" "pc105"
[    29.082] (**) Option "xkb_layout" "us"
[    29.084] (II) event3  - AT Translated Set 2 keyboard: is tagged by udev as: Keyboard
[    29.084] (II) event3  - AT Translated Set 2 keyboard: device is a keyboard
[    29.085] (II) config/udev: Adding input device PS/2 Generic Mouse (/dev/input/event5)
[    29.085] (**) PS/2 Generic Mouse: Applying InputClass "libinput pointer catchall"
[    29.085] (II) Using input driver 'libinput' for 'PS/2 Generic Mouse'
[    29.086] (II) systemd-logind: got fd for /dev/input/event5 13:69 fd 34 paused 0
[    29.086] (**) PS/2 Generic Mouse: always reports core events
[    29.086] (**) Option "Device" "/dev/input/event5"
[    29.086] (**) Option "_source" "server/udev"
[    29.087] (II) event5  - PS/2 Generic Mouse: is tagged by udev as: Mouse
[    29.087] (II) event5  - PS/2 Generic Mouse: device is a pointer
[    29.087] (II) event5  - PS/2 Generic Mouse: device removed
[    29.087] (**) Option "config_info" "udev:/sys/devices/platform/i8042/serio2/input/input9/event5"
[    29.087] (II) XINPUT: Adding extended input device "PS/2 Generic Mouse" (type: MOUSE, id 12)
[    29.087] (**) Option "AccelerationScheme" "none"
[    29.087] (**) PS/2 Generic Mouse: (accel) selected scheme none/0
[    29.088] (**) PS/2 Generic Mouse: (accel) acceleration factor: 2.000
[    29.088] (**) PS/2 Generic Mouse: (accel) acceleration threshold: 4
[    29.089] (II) event5  - PS/2 Generic Mouse: is tagged by udev as: Mouse
[    29.089] (II) event5  - PS/2 Generic Mouse: device is a pointer
[    29.090] (II) config/udev: Adding input device PS/2 Generic Mouse (/dev/input/mouse1)
[    29.090] (II) No input driver specified, ignoring this device.
[    29.090] (II) This device may have been added with another device file.
[    29.090] (II) config/udev: Adding input device SynPS/2 Synaptics TouchPad (/dev/input/event6)
[    29.090] (**) SynPS/2 Synaptics TouchPad: Applying InputClass "libinput touchpad catchall"
[    29.090] (II) Using input driver 'libinput' for 'SynPS/2 Synaptics TouchPad'
[    29.091] (II) systemd-logind: got fd for /dev/input/event6 13:70 fd 35 paused 0
[    29.091] (**) SynPS/2 Synaptics TouchPad: always reports core events
[    29.091] (**) Option "Device" "/dev/input/event6"
[    29.091] (**) Option "_source" "server/udev"
[    29.092] (II) event6  - SynPS/2 Synaptics TouchPad: is tagged by udev as: Touchpad
[    29.093] (II) event6  - SynPS/2 Synaptics TouchPad: device is a touchpad
[    29.093] (II) event6  - SynPS/2 Synaptics TouchPad: device removed
[    29.094] (**) Option "config_info" "udev:/sys/devices/platform/i8042/serio3/input/input12/event6"
[    29.094] (II) XINPUT: Adding extended input device "SynPS/2 Synaptics TouchPad" (type: TOUCHPAD, id 13)
[    29.094] (**) Option "AccelerationScheme" "none"
[    29.094] (**) SynPS/2 Synaptics TouchPad: (accel) selected scheme none/0
[    29.094] (**) SynPS/2 Synaptics TouchPad: (accel) acceleration factor: 2.000
[    29.094] (**) SynPS/2 Synaptics TouchPad: (accel) acceleration threshold: 4
[    29.097] (II) event6  - SynPS/2 Synaptics TouchPad: is tagged by udev as: Touchpad
[    29.099] (II) event6  - SynPS/2 Synaptics TouchPad: device is a touchpad
[    29.100] (II) config/udev: Adding input device SynPS/2 Synaptics TouchPad (/dev/input/mouse2)
[    29.100] (II) No input driver specified, ignoring this device.
[    29.100] (II) This device may have been added with another device file.
[    29.101] (II) config/udev: Adding input device ST LIS3LV02DL Accelerometer (/dev/input/event11)
[    29.101] (II) No input driver specified, ignoring this device.
[    29.101] (II) This device may have been added with another device file.
[    29.102] (II) config/udev: Adding input device ST LIS3LV02DL Accelerometer (/dev/input/js0)
[    29.102] (II) No input driver specified, ignoring this device.
[    29.102] (II) This device may have been added with another device file.
[    29.106] (II) config/udev: Adding input device HP Wireless hotkeys (/dev/input/event7)
[    29.106] (**) HP Wireless hotkeys: Applying InputClass "libinput keyboard catchall"
[    29.106] (II) Using input driver 'libinput' for 'HP Wireless hotkeys'
[    29.108] (II) systemd-logind: got fd for /dev/input/event7 13:71 fd 36 paused 0
[    29.108] (**) HP Wireless hotkeys: always reports core events
[    29.108] (**) Option "Device" "/dev/input/event7"
[    29.108] (**) Option "_source" "server/udev"
[    29.109] (II) event7  - HP Wireless hotkeys: is tagged by udev as: Keyboard
[    29.109] (II) event7  - HP Wireless hotkeys: device is a keyboard
[    29.109] (II) event7  - HP Wireless hotkeys: device removed
[    29.109] (**) Option "config_info" "udev:/sys/devices/virtual/input/input14/event7"
[    29.109] (II) XINPUT: Adding extended input device "HP Wireless hotkeys" (type: KEYBOARD, id 14)
[    29.109] (**) Option "xkb_model" "pc105"
[    29.109] (**) Option "xkb_layout" "us"
[    29.110] (II) event7  - HP Wireless hotkeys: is tagged by udev as: Keyboard
[    29.110] (II) event7  - HP Wireless hotkeys: device is a keyboard
[    29.111] (II) config/udev: Adding input device HP WMI hotkeys (/dev/input/event8)
[    29.111] (**) HP WMI hotkeys: Applying InputClass "libinput keyboard catchall"
[    29.111] (II) Using input driver 'libinput' for 'HP WMI hotkeys'
[    29.112] (II) systemd-logind: got fd for /dev/input/event8 13:72 fd 37 paused 0
[    29.112] (**) HP WMI hotkeys: always reports core events
[    29.112] (**) Option "Device" "/dev/input/event8"
[    29.112] (**) Option "_source" "server/udev"
[    29.114] (II) event8  - HP WMI hotkeys: is tagged by udev as: Keyboard Switch
[    29.114] (II) event8  - HP WMI hotkeys: device is a keyboard
[    29.114] (II) event8  - HP WMI hotkeys: device removed
[    29.114] (**) Option "config_info" "udev:/sys/devices/virtual/input/input17/event8"
[    29.114] (II) XINPUT: Adding extended input device "HP WMI hotkeys" (type: KEYBOARD, id 15)
[    29.114] (**) Option "xkb_model" "pc105"
[    29.114] (**) Option "xkb_layout" "us"
[    29.116] (II) event8  - HP WMI hotkeys: is tagged by udev as: Keyboard Switch
[    29.116] (II) event8  - HP WMI hotkeys: device is a keyboard
[    29.879] (II) modeset(0): EDID vendor "CMN", prod id 5312
[    29.879] (II) modeset(0): Printing DDC gathered Modelines:
[    29.879] (II) modeset(0): Modeline "1920x1080"x0.0  152.84  1920 2000 2060 2250  1080 1086 1094 1132 +hsync -vsync (67.9 kHz eP)
[    29.879] (II) modeset(0): Modeline "1920x1080"x0.0  101.89  1920 2000 2060 2250  1080 1086 1094 1132 +hsync -vsync (45.3 kHz e)
[  2059.175] (EE) event6  - SynPS/2 Synaptics TouchPad: kernel bug: Touch jump detected and discarded.
See https://wayland.freedesktop.org/libinput/doc/1.15.5/touchpad-jumping-cursors.html for details
[ 13561.228] (EE) event6  - SynPS/2 Synaptics TouchPad: kernel bug: Touch jump detected and discarded.
See https://wayland.freedesktop.org/libinput/doc/1.15.5/touchpad-jumping-cursors.html for details
[ 18813.789] (EE) event6  - SynPS/2 Synaptics TouchPad: kernel bug: Touch jump detected and discarded.
See https://wayland.freedesktop.org/libinput/doc/1.15.5/touchpad-jumping-cursors.html for details
[ 21046.872] (EE) event6  - SynPS/2 Synaptics TouchPad: kernel bug: Touch jump detected and discarded.
See https://wayland.freedesktop.org/libinput/doc/1.15.5/touchpad-jumping-cursors.html for details
[ 22762.243] (EE) event6  - SynPS/2 Synaptics TouchPad: kernel bug: Touch jump detected and discarded.
See https://wayland.freedesktop.org/libinput/doc/1.15.5/touchpad-jumping-cursors.html for details
